<?xml version="1.0" encoding="UTF-8"?>
<!-- Generated by org.testng.reporters.JUnitReportReporter -->
<testsuite skipped="0" hostname="BLU-LP-00004" name="bluAndroid.bluAndroid.TestScripts.BluSignUpTestRunner" tests="1" failures="0" timestamp="2019-12-19T15:02:38 SGT" time="73.604" errors="0">
  <testcase name="tc10_signupInvalidMobile" time="73.604" classname="bluAndroid.bluAndroid.TestScripts.BluSignUpTestRunner"/>
</testsuite> <!-- bluAndroid.bluAndroid.TestScripts.BluSignUpTestRunner -->
