<?xml version="1.0" encoding="UTF-8"?>
<!-- Generated by org.testng.reporters.JUnitReportReporter -->
<testsuite skipped="2" hostname="BLU-LP-00004" name="bluAndroid.bluAndroid.TestScripts.BluLoginTestRunner" tests="12" failures="0" timestamp="2019-12-19T14:47:13 SGT" time="553.403" errors="0">
  <testcase name="tc04_withoutCredentials" time="43.799" classname="bluAndroid.bluAndroid.TestScripts.BluLoginTestRunner"/>
  <testcase name="tc07_notRegisteredEmail" time="56.158" classname="bluAndroid.bluAndroid.TestScripts.BluLoginTestRunner"/>
  <testcase name="tc10_validMobileNumberInvalidPassword" time="56.308" classname="bluAndroid.bluAndroid.TestScripts.BluLoginTestRunner"/>
  <testcase name="tc01_validMobileValidPassword" time="56.755" classname="bluAndroid.bluAndroid.TestScripts.BluLoginTestRunner"/>
  <testcase name="tc08_validEmailPassword" time="59.663" classname="bluAndroid.bluAndroid.TestScripts.BluLoginTestRunner"/>
  <testcase name="tc02_invalidEmailValidPassword" time="55.818" classname="bluAndroid.bluAndroid.TestScripts.BluLoginTestRunner"/>
  <testcase name="tc09_validEmailInvalidPassword" time="59.857" classname="bluAndroid.bluAndroid.TestScripts.BluLoginTestRunner"/>
  <testcase name="tc03_invalidMobileNumberValidPassword" time="54.583" classname="bluAndroid.bluAndroid.TestScripts.BluLoginTestRunner"/>
  <testcase name="tc11_invalidMobileNumberInvalidPassword" time="54.221" classname="bluAndroid.bluAndroid.TestScripts.BluLoginTestRunner"/>
  <testcase name="tc06_notRegisteredMobileNumber" time="56.241" classname="bluAndroid.bluAndroid.TestScripts.BluLoginTestRunner"/>
  <testcase name="splashScreen" classname="bluAndroid.bluAndroid.TestScripts.BluLoginTestRunner">
    <skipped/>
  </testcase> <!-- splashScreen -->
  <testcase name="tc05_maximumInvalidLoginAttemptError" classname="bluAndroid.bluAndroid.TestScripts.BluLoginTestRunner">
    <skipped/>
  </testcase> <!-- tc05_maximumInvalidLoginAttemptError -->
</testsuite> <!-- bluAndroid.bluAndroid.TestScripts.BluLoginTestRunner -->
