<?xml version="1.0" encoding="UTF-8"?>
<!-- Generated by org.testng.reporters.JUnitReportReporter -->
<testsuite skipped="0" hostname="BLU-LP-00004" name="bluAndroid.bluAndroid.TestScripts.BluMyDetailsTestRunner" tests="1" failures="0" timestamp="2020-01-06T14:51:17 SGT" time="48.667" errors="0">
  <testcase name="tc08_referAFriend" time="48.667" classname="bluAndroid.bluAndroid.TestScripts.BluMyDetailsTestRunner"/>
</testsuite> <!-- bluAndroid.bluAndroid.TestScripts.BluMyDetailsTestRunner -->
